2023-04-02 21:46:26.766709 - Initialized conversion of CBT1023
2023-04-02 21:46:27.088493 - Received CBT.V504.FILE1023.PDS from FILE1023.XMI 
2023-04-02 21:46:27.091607 - Found $$$#DATE.txt (text/plain) in CBT.V504.FILE1023.PDS, moved to PDS/$$$#DATE
2023-04-02 21:46:27.092739 - Found $$COPYRT.txt (text/plain) in CBT.V504.FILE1023.PDS, moved to PDS/$$COPYRT
2023-04-02 21:46:27.094252 - Found $$NOTE01.txt (text/plain) in CBT.V504.FILE1023.PDS, moved to PDS/$$NOTE01
2023-04-02 21:46:27.095479 - Found $$NOTE02.txt (text/plain) in CBT.V504.FILE1023.PDS, moved to PDS/$$NOTE02
2023-04-02 21:46:27.097105 - Found $$README.txt (text/plain) in CBT.V504.FILE1023.PDS, moved to PDS/$$README
2023-04-02 21:46:27.098417 - Found $EXPAND.txt (text/plain) in CBT.V504.FILE1023.PDS, moved to PDS/$EXPAND
2023-04-02 21:46:27.099751 - Found @FIL1023.txt (text/plain) in CBT.V504.FILE1023.PDS, moved to PDS/@FIL1023
2023-04-02 21:46:27.101031 - Found FINALPKG.jcl (text/plain) in CBT.V504.FILE1023.PDS, moved to PDS/FINALPKG
2023-04-02 21:46:27.102357 - Found PACKAGE.jcl (text/plain) in CBT.V504.FILE1023.PDS, moved to PDS/PACKAGE
2023-04-02 21:46:27.103556 - Found TEST$EXP.jcl (text/plain) in CBT.V504.FILE1023.PDS, moved to PDS/TEST$EXP
2023-04-02 21:46:27.257717 - Found XMIDOC.xmi (application/xmit) in CBT.V504.FILE1023.PDS
2023-04-02 21:46:27.279687   - Received to CBT1023/DDNAME.INDOC
2023-04-02 21:46:27.324617 - Found XMIJCL.xmi (application/xmit) in CBT.V504.FILE1023.PDS
2023-04-02 21:46:27.332330   - Received to CBT1023/DDNAME.INJCL
2023-04-02 21:46:27.429357 - Found XMIREXX.xmi (application/xmit) in CBT.V504.FILE1023.PDS
2023-04-02 21:46:27.437141   - Received to CBT1023/DDNAME.INREXX
2023-04-02 21:46:27.890573 - Found XMISCAN.xmi (application/xmit) in CBT.V504.FILE1023.PDS
2023-04-02 21:46:27.908597   - Received to CBT1023/DDNAME.INSCAN
2023-04-02 21:46:28.472961 - Found XMIXREF.xmi (application/xmit) in CBT.V504.FILE1023.PDS
2023-04-02 21:46:28.487157   - Received to CBT1023/DDNAME.INXREF
